<?xml version="1.0" encoding="UTF-8"?>
<!-- Generated by org.testng.reporters.JUnitReportReporter -->
<testsuite hostname="Collaberas-MacBook-Pro.local" failures="0" tests="18" name="iOS.tests.Test.AppiumIPADmain" time="95.937" errors="1" timestamp="2023-05-15T16:58:19 PST" skipped="0">
  <testcase classname="iOS.tests.Test.AppiumIPADmain" name="setup" time="5.686"/>
  <system-out/>
  <testcase classname="iOS.tests.Test.AppiumIPADmain" name="printingOptions" time="3.390"/>
  <system-out/>
  <testcase classname="iOS.tests.Test.AppiumIPADmain" name="actIndicator" time="4.786"/>
  <system-out/>
  <testcase classname="iOS.tests.Test.AppiumIPADmain" name="datePicker" time="4.966"/>
  <system-out/>
  <testcase classname="iOS.tests.Test.AppiumIPADmain" name="timePicker" time="11.591"/>
  <system-out/>
  <testcase classname="iOS.tests.Test.AppiumIPADmain" name="ImageView" time="8.775"/>
  <system-out/>
  <testcase classname="iOS.tests.Test.AppiumIPADmain" name="pageControl" time="1.804"/>
  <system-out/>
  <testcase classname="iOS.tests.Test.AppiumIPADmain" name="pickView" time="1.956"/>
  <system-out/>
  <testcase classname="iOS.tests.Test.AppiumIPADmain" name="progView" time="10.717"/>
  <system-out/>
  <testcase classname="iOS.tests.Test.AppiumIPADmain" name="searchView" time="7.485"/>
  <system-out/>
  <testcase classname="iOS.tests.Test.AppiumIPADmain" name="segmentedControls" time="6.310"/>
  <system-out/>
  <testcase classname="iOS.tests.Test.AppiumIPADmain" name="sliderControl" time="4.396"/>
  <system-out/>
  <testcase classname="iOS.tests.Test.AppiumIPADmain" name="stackViews" time="7.539"/>
  <system-out/>
  <testcase classname="iOS.tests.Test.AppiumIPADmain" name="switches" time="3.920"/>
  <system-out/>
  <testcase classname="iOS.tests.Test.AppiumIPADmain" name="textField" time="0.736">
    <error message="An element could not be located on the page using the given search parameters.
For documentation on this error, please visit: https://selenium.dev/exceptions/#no_such_element
Build info: version: &#039;4.8.3&#039;, revision: &#039;b19b418e60&#039;
System info: os.name: &#039;Mac OS X&#039;, os.arch: &#039;x86_64&#039;, os.version: &#039;13.3.1&#039;, java.version: &#039;19.0.2&#039;
Driver info: io.appium.java_client.ios.IOSDriver
Command: [ff94ed01-cd84-48ce-9621-228d9e4b172e, findElement {using=-ios class chain, value=**/XCUIElementTypeButton[`label == &#039;UIKitCatalog&#039;`]}]
Capabilities {appium:app: /Users/collabera/Documents/..., appium:automationName: XCUITest, appium:databaseEnabled: false, appium:deviceName: iPad mini (6th generation), appium:javascriptEnabled: true, appium:locationContextEnabled: false, appium:networkConnectionEnabled: false, appium:platformVersion: 16.4, appium:takesScreenshot: true, appium:udid: 8D9FF380-E187-4C9F-8AB3-0F2..., appium:webStorageEnabled: false, platformName: IOS}
Session ID: ff94ed01-cd84-48ce-9621-228d9e4b172e" type="org.openqa.selenium.NoSuchElementException">
      <![CDATA[org.openqa.selenium.NoSuchElementException: An element could not be located on the page using the given search parameters.
For documentation on this error, please visit: https://selenium.dev/exceptions/#no_such_element
Build info: version: '4.8.3', revision: 'b19b418e60'
System info: os.name: 'Mac OS X', os.arch: 'x86_64', os.version: '13.3.1', java.version: '19.0.2'
Driver info: io.appium.java_client.ios.IOSDriver
Command: [ff94ed01-cd84-48ce-9621-228d9e4b172e, findElement {using=-ios class chain, value=**/XCUIElementTypeButton[`label == 'UIKitCatalog'`]}]
Capabilities {appium:app: /Users/collabera/Documents/..., appium:automationName: XCUITest, appium:databaseEnabled: false, appium:deviceName: iPad mini (6th generation), appium:javascriptEnabled: true, appium:locationContextEnabled: false, appium:networkConnectionEnabled: false, appium:platformVersion: 16.4, appium:takesScreenshot: true, appium:udid: 8D9FF380-E187-4C9F-8AB3-0F2..., appium:webStorageEnabled: false, platformName: IOS}
Session ID: ff94ed01-cd84-48ce-9621-228d9e4b172e
at java.base/jdk.internal.reflect.DirectConstructorHandleAccessor.newInstance(DirectConstructorHandleAccessor.java:67)
at java.base/java.lang.reflect.Constructor.newInstanceWithCaller(Constructor.java:500)
at java.base/java.lang.reflect.Constructor.newInstance(Constructor.java:484)
at org.openqa.selenium.remote.codec.w3c.W3CHttpResponseCodec.createException(W3CHttpResponseCodec.java:200)
at org.openqa.selenium.remote.codec.w3c.W3CHttpResponseCodec.decode(W3CHttpResponseCodec.java:133)
at org.openqa.selenium.remote.codec.w3c.W3CHttpResponseCodec.decode(W3CHttpResponseCodec.java:53)
at org.openqa.selenium.remote.HttpCommandExecutor.execute(HttpCommandExecutor.java:193)
at io.appium.java_client.remote.AppiumCommandExecutor.execute(AppiumCommandExecutor.java:262)
at org.openqa.selenium.remote.RemoteWebDriver.execute(RemoteWebDriver.java:543)
at org.openqa.selenium.remote.ElementLocation$ElementFinder$2.findElement(ElementLocation.java:162)
at org.openqa.selenium.remote.ElementLocation.findElement(ElementLocation.java:60)
at org.openqa.selenium.remote.RemoteWebDriver.findElement(RemoteWebDriver.java:352)
at org.openqa.selenium.remote.RemoteWebDriver.findElement(RemoteWebDriver.java:344)
at iPAD.tests.Pages.TextField_Page.txtField(TextField_Page.java:38)
at iPAD.tests.Pages.TextField_Page.getInfo(TextField_Page.java:90)
at iOS.tests.Test.AppiumIPADmain.textField(AppiumIPADmain.java:164)
at java.base/jdk.internal.reflect.DirectMethodHandleAccessor.invoke(DirectMethodHandleAccessor.java:104)
at java.base/java.lang.reflect.Method.invoke(Method.java:578)
at org.testng.internal.invokers.MethodInvocationHelper.invokeMethod(MethodInvocationHelper.java:139)
at org.testng.internal.invokers.TestInvoker.invokeMethod(TestInvoker.java:677)
at org.testng.internal.invokers.TestInvoker.invokeTestMethod(TestInvoker.java:221)
at org.testng.internal.invokers.MethodRunner.runInSequence(MethodRunner.java:50)
at org.testng.internal.invokers.TestInvoker$MethodInvocationAgent.invoke(TestInvoker.java:969)
at org.testng.internal.invokers.TestInvoker.invokeTestMethods(TestInvoker.java:194)
at org.testng.internal.invokers.TestMethodWorker.invokeTestMethods(TestMethodWorker.java:148)
at org.testng.internal.invokers.TestMethodWorker.run(TestMethodWorker.java:128)
at java.base/java.util.ArrayList.forEach(ArrayList.java:1511)
at org.testng.TestRunner.privateRun(TestRunner.java:829)
at org.testng.TestRunner.run(TestRunner.java:602)
at org.testng.SuiteRunner.runTest(SuiteRunner.java:437)
at org.testng.SuiteRunner.runSequentially(SuiteRunner.java:431)
at org.testng.SuiteRunner.privateRun(SuiteRunner.java:391)
at org.testng.SuiteRunner.run(SuiteRunner.java:330)
at org.testng.SuiteRunnerWorker.runSuite(SuiteRunnerWorker.java:52)
at org.testng.SuiteRunnerWorker.run(SuiteRunnerWorker.java:95)
at org.testng.TestNG.runSuitesSequentially(TestNG.java:1256)
at org.testng.TestNG.runSuitesLocally(TestNG.java:1176)
at org.testng.TestNG.runSuites(TestNG.java:1099)
at org.testng.TestNG.run(TestNG.java:1067)
at org.testng.remote.AbstractRemoteTestNG.run(AbstractRemoteTestNG.java:115)
at org.testng.remote.RemoteTestNG.initAndRun(RemoteTestNG.java:251)
at org.testng.remote.RemoteTestNG.main(RemoteTestNG.java:77)
]]>
    </error>
  </testcase> <!-- textField -->
  <system-out/>
  <testcase classname="iOS.tests.Test.AppiumIPADmain" name="toolBars" time="2.582"/>
  <system-out/>
  <testcase classname="iOS.tests.Test.AppiumIPADmain" name="webViews" time="4.255"/>
  <system-out/>
  <testcase classname="iOS.tests.Test.AppiumIPADmain" name="alert" time="5.043"/>
  <system-out/>
</testsuite> <!-- iOS.tests.Test.AppiumIPADmain -->
